
============================================================
Fetching Oyambre imagery...
============================================================
  Ortofoto_45_46 (1946)... ✓
  Ortofoto_56_57 (1957)... ✓
  Ortofoto_80_90 (1980)... ✓
  Ortofoto_77_86 (1986)... ✓
  Ortofoto_2001 (2001)... ✓
  Ortofoto_2002 (2002)... ✓
  Ortofoto_2005 (2005)... ✓
  Ortofoto_2007 (2007)... ✓
  Ortofoto_2010 (2010)... ✓
  Ortofoto_2014 (2014)... ✓
  Ortofoto_2017 (2017)... ✓
  Ortofoto_2018 (2018)... ✓
  Ortofoto_2020 (2020)... ✓
  Ortofoto_2023 (2023)... ✓
  Ortofoto_2024 (2024)... ✓
  Ortofoto_2025 (2025)... ✓
  Fetched: 16, Failed: 0

============================================================
Fetching Santander imagery...
============================================================
  Ortofoto_45_46 (1946)... ✓
  Ortofoto_56_57 (1957)... ✓
  Ortofoto_80_90 (1980)... ✓
  Ortofoto_77_86 (1986)... ✓
  Ortofoto_2001 (2001)... ✓
  Ortofoto_2002 (2002)... ✓
  Ortofoto_2005 (2005)... ✓
  Ortofoto_2007 (2007)... ✓
  Ortofoto_2010 (2010)... ✓
  Ortofoto_2014 (2014)... ✓
  Ortofoto_2017 (2017)... ✓
  Ortofoto_2018 (2018)... ✓
  Ortofoto_2020 (2020)... ✓
  Ortofoto_2023 (2023)... ✓
  Ortofoto_2024 (2024)... ✓
  Ortofoto_2025 (2025)... ✓
  Fetched: 16, Failed: 0

============================================================
Summary: 32 fetched, 0 failed
============================================================
